<?xml version="1.0" encoding="UTF-8"?>
<testng-results ignored="0" total="2" passed="1" failed="1" skipped="0">
  <reporter-output>
  </reporter-output>
  <suite started-at="2022-04-12T11:57:09 AEST" name="Default suite" finished-at="2022-04-12T11:57:13 AEST" duration-ms="3879">
    <groups>
    </groups>
    <test started-at="2022-04-12T11:57:09 AEST" name="Default test" finished-at="2022-04-12T11:57:13 AEST" duration-ms="3879">
      <class name="RestApiAutomate.RestApiAutomate">
        <test-method signature="getRequest()[pri:0, instance:RestApiAutomate.RestApiAutomate@7f552bd3]" started-at="2022-04-12T11:57:09 AEST" name="getRequest" finished-at="2022-04-12T11:57:11 AEST" duration-ms="2421" status="PASS">
          <reporter-output>
          </reporter-output>
        </test-method> <!-- getRequest -->
        <test-method signature="postRequest()[pri:0, instance:RestApiAutomate.RestApiAutomate@7f552bd3]" started-at="2022-04-12T11:57:11 AEST" name="postRequest" finished-at="2022-04-12T11:57:13 AEST" duration-ms="1414" status="FAIL">
          <exception class="junit.framework.ComparisonFailure">
            <message>
              <![CDATA[morpheus expected:<[morpheus]> but was:<[name mismatch]>]]>
            </message>
            <full-stacktrace>
              <![CDATA[junit.framework.ComparisonFailure: morpheus expected:<[morpheus]> but was:<[name mismatch]>
at junit.framework.Assert.assertEquals(Assert.java:85)
at RestApiAutomate.RestApiAutomate.postRequest(RestApiAutomate.java:55)
at java.base/jdk.internal.reflect.DirectMethodHandleAccessor.invoke(DirectMethodHandleAccessor.java:104)
at java.base/java.lang.reflect.Method.invoke(Method.java:577)
at org.testng.internal.MethodInvocationHelper.invokeMethod(MethodInvocationHelper.java:133)
at org.testng.internal.TestInvoker.invokeMethod(TestInvoker.java:598)
at org.testng.internal.TestInvoker.invokeTestMethod(TestInvoker.java:173)
at org.testng.internal.MethodRunner.runInSequence(MethodRunner.java:46)
at org.testng.internal.TestInvoker$MethodInvocationAgent.invoke(TestInvoker.java:824)
at org.testng.internal.TestInvoker.invokeTestMethods(TestInvoker.java:146)
at org.testng.internal.TestMethodWorker.invokeTestMethods(TestMethodWorker.java:146)
at org.testng.internal.TestMethodWorker.run(TestMethodWorker.java:128)
at java.base/java.util.ArrayList.forEach(ArrayList.java:1511)
at org.testng.TestRunner.privateRun(TestRunner.java:794)
at org.testng.TestRunner.run(TestRunner.java:596)
at org.testng.SuiteRunner.runTest(SuiteRunner.java:377)
at org.testng.SuiteRunner.runSequentially(SuiteRunner.java:371)
at org.testng.SuiteRunner.privateRun(SuiteRunner.java:332)
at org.testng.SuiteRunner.run(SuiteRunner.java:276)
at org.testng.SuiteRunnerWorker.runSuite(SuiteRunnerWorker.java:53)
at org.testng.SuiteRunnerWorker.run(SuiteRunnerWorker.java:96)
at org.testng.TestNG.runSuitesSequentially(TestNG.java:1212)
at org.testng.TestNG.runSuitesLocally(TestNG.java:1134)
at org.testng.TestNG.runSuites(TestNG.java:1063)
at org.testng.TestNG.run(TestNG.java:1031)
at org.testng.remote.AbstractRemoteTestNG.run(AbstractRemoteTestNG.java:115)
at org.testng.remote.RemoteTestNG.initAndRun(RemoteTestNG.java:251)
at org.testng.remote.RemoteTestNG.main(RemoteTestNG.java:77)
]]>
            </full-stacktrace>
          </exception> <!-- junit.framework.ComparisonFailure -->
          <reporter-output>
          </reporter-output>
        </test-method> <!-- postRequest -->
      </class> <!-- RestApiAutomate.RestApiAutomate -->
    </test> <!-- Default test -->
  </suite> <!-- Default suite -->
</testng-results>
